# JRE version: OpenJDK Runtime Environment (8.0_202) (build 1.8.0_202-release-1483-b49-5587405)
# Java VM: OpenJDK 64-Bit Server VM (25.202-b49-5587405 mixed mode bsd-amd64 compressed oops)
Heap:
 PSYoungGen      total 411136K, used 91135K [0x0000000795580000, 0x00000007c0000000, 0x00000007c0000000)
  eden space 320000K, 0% used [0x0000000795580000,0x0000000795580000,0x00000007a8e00000)
  from space 91136K, 99% used [0x00000007ba700000,0x00000007bfffff98,0x00000007c0000000)
  to   space 189440K, 0% used [0x00000007a8e00000,0x00000007a8e00000,0x00000007b4700000)
 ParOldGen       total 841728K, used 777214K [0x0000000740000000, 0x0000000773600000, 0x0000000795580000)
  object space 841728K, 92% used [0x0000000740000000,0x000000076f6ff8e0,0x0000000773600000)
 Metaspace       used 101355K, capacity 107806K, committed 108160K, reserved 1142784K
  class space    used 12465K, capacity 13846K, committed 13952K, reserved 1048576K
GC Heap History (10 events):
Event: 6436.826 GC heap after
Heap after GC invocations=113 (full 9):
 PSYoungGen      total 592896K, used 32946K [0x0000000795580000, 0x00000007bf300000, 0x00000007c0000000)
  eden space 507392K, 0% used [0x0000000795580000,0x0000000795580000,0x00000007b4500000)
  from space 85504K, 38% used [0x00000007b9f80000,0x00000007bbfaca48,0x00000007bf300000)
  to   space 89088K, 0% used [0x00000007b4500000,0x00000007b4500000,0x00000007b9c00000)
 ParOldGen       total 841728K, used 544569K [0x0000000740000000, 0x0000000773600000, 0x0000000795580000)
  object space 841728K, 64% used [0x0000000740000000,0x00000007613ce620,0x0000000773600000)
 Metaspace       used 100650K, capacity 107144K, committed 107392K, reserved 1142784K
  class space    used 12400K, capacity 13773K, committed 13952K, reserved 1048576K
}
Event: 6441.706 GC heap before
{Heap before GC invocations=114 (full 9):
 PSYoungGen      total 592896K, used 539430K [0x0000000795580000, 0x00000007bf300000, 0x00000007c0000000)
  eden space 507392K, 99% used [0x0000000795580000,0x00000007b441ced0,0x00000007b4500000)
  from space 85504K, 38% used [0x00000007b9f80000,0x00000007bbfaca48,0x00000007bf300000)
  to   space 89088K, 0% used [0x00000007b4500000,0x00000007b4500000,0x00000007b9c00000)
 ParOldGen       total 841728K, used 544569K [0x0000000740000000, 0x0000000773600000, 0x0000000795580000)
  object space 841728K, 64% used [0x0000000740000000,0x00000007613ce620,0x0000000773600000)
 Metaspace       used 100657K, capacity 107144K, committed 107392K, reserved 1142784K
  class space    used 12400K, capacity 13773K, committed 13952K, reserved 1048576K
Event: 6441.780 GC heap after
Heap after GC invocations=114 (full 9):
 PSYoungGen      total 596480K, used 43209K [0x0000000795580000, 0x00000007bfe80000, 0x00000007c0000000)
  eden space 507392K, 0% used [0x0000000795580000,0x0000000795580000,0x00000007b4500000)
  from space 89088K, 48% used [0x00000007b4500000,0x00000007b6f32538,0x00000007b9c00000)
  to   space 86528K, 0% used [0x00000007baa00000,0x00000007baa00000,0x00000007bfe80000)
 ParOldGen       total 841728K, used 544577K [0x0000000740000000, 0x0000000773600000, 0x0000000795580000)
  object space 841728K, 64% used [0x0000000740000000,0x00000007613d0620,0x0000000773600000)
 Metaspace       used 100657K, capacity 107144K, committed 107392K, reserved 1142784K
  class space    used 12400K, capacity 13773K, committed 13952K, reserved 1048576K
}
Event: 7487.269 GC heap before
{Heap before GC invocations=115 (full 9):
 PSYoungGen      total 596480K, used 550601K [0x0000000795580000, 0x00000007bfe80000, 0x00000007c0000000)
  eden space 507392K, 100% used [0x0000000795580000,0x00000007b4500000,0x00000007b4500000)
  from space 89088K, 48% used [0x00000007b4500000,0x00000007b6f32538,0x00000007b9c00000)
  to   space 86528K, 0% used [0x00000007baa00000,0x00000007baa00000,0x00000007bfe80000)
 ParOldGen       total 841728K, used 544577K [0x0000000740000000, 0x0000000773600000, 0x0000000795580000)
  object space 841728K, 64% used [0x0000000740000000,0x00000007613d0620,0x0000000773600000)
 Metaspace       used 100725K, capacity 107154K, committed 107392K, reserved 1142784K
  class space    used 12401K, capacity 13774K, committed 13952K, reserved 1048576K
Event: 7487.335 GC heap after
Heap after GC invocations=115 (full 9):
 PSYoungGen      total 604672K, used 45496K [0x0000000795580000, 0x00000007bf980000, 0x00000007c0000000)
  eden space 523264K, 0% used [0x0000000795580000,0x0000000795580000,0x00000007b5480000)
  from space 81408K, 55% used [0x00000007baa00000,0x00000007bd66e280,0x00000007bf980000)
  to   space 84480K, 0% used [0x00000007b5480000,0x00000007b5480000,0x00000007ba700000)
 ParOldGen       total 841728K, used 544585K [0x0000000740000000, 0x0000000773600000, 0x0000000795580000)
  object space 841728K, 64% used [0x0000000740000000,0x00000007613d2620,0x0000000773600000)
 Metaspace       used 100725K, capacity 107154K, committed 107392K, reserved 1142784K
  class space    used 12401K, capacity 13774K, committed 13952K, reserved 1048576K
}
Event: 7490.686 GC heap before
{Heap before GC invocations=116 (full 9):
 PSYoungGen      total 604672K, used 568760K [0x0000000795580000, 0x00000007bf980000, 0x00000007c0000000)
  eden space 523264K, 100% used [0x0000000795580000,0x00000007b5480000,0x00000007b5480000)
  from space 81408K, 55% used [0x00000007baa00000,0x00000007bd66e280,0x00000007bf980000)
  to   space 84480K, 0% used [0x00000007b5480000,0x00000007b5480000,0x00000007ba700000)
 ParOldGen       total 841728K, used 544585K [0x0000000740000000, 0x0000000773600000, 0x0000000795580000)
  object space 841728K, 64% used [0x0000000740000000,0x00000007613d2620,0x0000000773600000)
 Metaspace       used 101348K, capacity 107806K, committed 108160K, reserved 1142784K
  class space    used 12465K, capacity 13846K, committed 13952K, reserved 1048576K
Event: 7491.042 GC heap after
Heap after GC invocations=116 (full 9):
 PSYoungGen      total 607744K, used 84476K [0x0000000795580000, 0x00000007c0000000, 0x00000007c0000000)
  eden space 523264K, 0% used [0x0000000795580000,0x0000000795580000,0x00000007b5480000)
  from space 84480K, 99% used [0x00000007b5480000,0x00000007ba6ff3a8,0x00000007ba700000)
  to   space 91136K, 0% used [0x00000007ba700000,0x00000007ba700000,0x00000007c0000000)
 ParOldGen       total 841728K, used 640587K [0x0000000740000000, 0x0000000773600000, 0x0000000795580000)
  object space 841728K, 76% used [0x0000000740000000,0x0000000767192db8,0x0000000773600000)
 Metaspace       used 101348K, capacity 107806K, committed 108160K, reserved 1142784K
  class space    used 12465K, capacity 13846K, committed 13952K, reserved 1048576K
}
Event: 7493.438 GC heap before
{Heap before GC invocations=117 (full 9):
 PSYoungGen      total 607744K, used 607740K [0x0000000795580000, 0x00000007c0000000, 0x00000007c0000000)
  eden space 523264K, 100% used [0x0000000795580000,0x00000007b5480000,0x00000007b5480000)
  from space 84480K, 99% used [0x00000007b5480000,0x00000007ba6ff3a8,0x00000007ba700000)
  to   space 91136K, 0% used [0x00000007ba700000,0x00000007ba700000,0x00000007c0000000)
 ParOldGen       total 841728K, used 640587K [0x0000000740000000, 0x0000000773600000, 0x0000000795580000)
  object space 841728K, 76% used [0x0000000740000000,0x0000000767192db8,0x0000000773600000)
 Metaspace       used 101355K, capacity 107806K, committed 108160K, reserved 1142784K
  class space    used 12465K, capacity 13846K, committed 13952K, reserved 1048576K
Event: 7493.707 GC heap after
Heap after GC invocations=117 (full 9):
 PSYoungGen      total 411136K, used 91135K [0x0000000795580000, 0x00000007c0000000, 0x00000007c0000000)
  eden space 320000K, 0% used [0x0000000795580000,0x0000000795580000,0x00000007a8e00000)
  from space 91136K, 99% used [0x00000007ba700000,0x00000007bfffff98,0x00000007c0000000)
  to   space 189440K, 0% used [0x00000007a8e00000,0x00000007a8e00000,0x00000007b4700000)
 ParOldGen       total 841728K, used 777214K [0x0000000740000000, 0x0000000773600000, 0x0000000795580000)
  object space 841728K, 92% used [0x0000000740000000,0x000000076f6ff8e0,0x0000000773600000)
 Metaspace       used 101355K, capacity 107806K, committed 108160K, reserved 1142784K
  class space    used 12465K, capacity 13846K, committed 13952K, reserved 1048576K
}
Event: 7493.707 GC heap before
{Heap before GC invocations=118 (full 10):
 PSYoungGen      total 411136K, used 91135K [0x0000000795580000, 0x00000007c0000000, 0x00000007c0000000)
  eden space 320000K, 0% used [0x0000000795580000,0x0000000795580000,0x00000007a8e00000)
  from space 91136K, 99% used [0x00000007ba700000,0x00000007bfffff98,0x00000007c0000000)
  to   space 189440K, 0% used [0x00000007a8e00000,0x00000007a8e00000,0x00000007b4700000)
 ParOldGen       total 841728K, used 777214K [0x0000000740000000, 0x0000000773600000, 0x0000000795580000)
  object space 841728K, 92% used [0x0000000740000000,0x000000076f6ff8e0,0x0000000773600000)
 Metaspace       used 101355K, capacity 107806K, committed 108160K, reserved 1142784K
  class space    used 12465K, capacity 13846K, committed 13952K, reserved 1048576K

